<?xml version="1.0" encoding="UTF-8"?>
<testng-results skipped="0" failed="0" ignored="0" total="2" passed="2">
  <reporter-output>
  </reporter-output>
  <suite name="Default suite" duration-ms="68487" started-at="2017-03-15T23:25:21Z" finished-at="2017-03-15T23:26:29Z">
    <groups>
    </groups>
    <test name="Default test" duration-ms="68487" started-at="2017-03-15T23:25:21Z" finished-at="2017-03-15T23:26:29Z">
      <class name="com.dev.appium.FacebookLogin">
        <test-method status="PASS" signature="setUp()[pri:0, instance:com.dev.appium.FacebookLogin@31a5c39e]" name="setUp" is-config="true" duration-ms="16" started-at="2017-03-16T10:25:21Z" finished-at="2017-03-16T10:25:21Z">
          <reporter-output>
          </reporter-output>
        </test-method> <!-- setUp -->
        <test-method status="PASS" signature="guru99App()[pri:0, instance:com.dev.appium.FacebookLogin@31a5c39e]" name="guru99App" duration-ms="43459" started-at="2017-03-16T10:25:21Z" finished-at="2017-03-16T10:26:04Z">
          <reporter-output>
          </reporter-output>
        </test-method> <!-- guru99App -->
        <test-method status="PASS" signature="openFacebook()[pri:0, instance:com.dev.appium.FacebookLogin@31a5c39e]" name="openFacebook" duration-ms="24981" started-at="2017-03-16T10:26:04Z" finished-at="2017-03-16T10:26:29Z">
          <reporter-output>
          </reporter-output>
        </test-method> <!-- openFacebook -->
      </class> <!-- com.dev.appium.FacebookLogin -->
    </test> <!-- Default test -->
  </suite> <!-- Default suite -->
</testng-results>
